2024-04-22T18:46:41.433+0500	INFO	app/app.go:101	gRPC Server Listening	{"url": ":50025"}
2024-04-22T18:46:57.508+0500	INFO	zap/options.go:212	finished unary call with code OK	{"grpc.start_time": "2024-04-22T18:46:57+05:00", "system": "grpc", "span.kind": "server", "grpc.service": "user.UserService", "grpc.method": "Create", "peer.address": "127.0.0.1:35316", "grpc.code": "OK", "grpc.time_ms": 0.044}
2024-04-22T18:47:11.741+0500	INFO	zap/options.go:212	finished unary call with code OK	{"grpc.start_time": "2024-04-22T18:47:11+05:00", "system": "grpc", "span.kind": "server", "grpc.service": "user.UserService", "grpc.method": "Get", "peer.address": "127.0.0.1:47530", "grpc.code": "OK", "grpc.time_ms": 0.035}
2024-04-22T19:00:13.433+0500	INFO	app/main.go:36	User service stops !
2024-04-22T20:08:11.466+0500	INFO	app/app.go:101	gRPC Server Listening	{"url": ":50025"}
2024-04-22T20:08:31.749+0500	INFO	zap/options.go:212	finished unary call with code OK	{"grpc.start_time": "2024-04-22T20:08:31+05:00", "system": "grpc", "span.kind": "server", "grpc.service": "user.UserService", "grpc.method": "Create", "peer.address": "127.0.0.1:34508", "grpc.code": "OK", "grpc.time_ms": 0.021}
2024-04-22T20:09:11.070+0500	INFO	zap/options.go:212	finished unary call with code OK	{"grpc.start_time": "2024-04-22T20:09:11+05:00", "system": "grpc", "span.kind": "server", "grpc.service": "user.UserService", "grpc.method": "Get", "peer.address": "127.0.0.1:52418", "grpc.code": "OK", "grpc.time_ms": 0.026}
2024-04-22T20:09:21.873+0500	INFO	zap/options.go:212	finished unary call with code OK	{"grpc.start_time": "2024-04-22T20:09:21+05:00", "system": "grpc", "span.kind": "server", "grpc.service": "user.UserService", "grpc.method": "GetAllUsers", "peer.address": "127.0.0.1:49634", "grpc.code": "OK", "grpc.time_ms": 0.02}
2024-04-22T20:09:31.049+0500	INFO	zap/options.go:212	finished unary call with code OK	{"grpc.start_time": "2024-04-22T20:09:31+05:00", "system": "grpc", "span.kind": "server", "grpc.service": "user.UserService", "grpc.method": "ListUsers", "peer.address": "127.0.0.1:33760", "grpc.code": "OK", "grpc.time_ms": 0.064}
2024-04-22T20:09:58.068+0500	INFO	zap/options.go:212	finished unary call with code OK	{"grpc.start_time": "2024-04-22T20:09:58+05:00", "system": "grpc", "span.kind": "server", "grpc.service": "user.UserService", "grpc.method": "Update", "peer.address": "127.0.0.1:41166", "grpc.code": "OK", "grpc.time_ms": 0.068}
2024-04-22T20:10:21.034+0500	INFO	zap/options.go:212	finished unary call with code OK	{"grpc.start_time": "2024-04-22T20:10:21+05:00", "system": "grpc", "span.kind": "server", "grpc.service": "user.UserService", "grpc.method": "HardDelete", "peer.address": "127.0.0.1:41244", "grpc.code": "OK", "grpc.time_ms": 0.046}
2024-04-22T20:10:27.937+0500	INFO	app/main.go:36	User service stops !
2024-04-23T17:41:26.713+0500	INFO	app/app.go:101	gRPC Server Listening	{"url": ":50025"}
2024-04-23T17:41:37.468+0500	INFO	zap/options.go:212	finished unary call with code OK	{"grpc.start_time": "2024-04-23T17:41:37+05:00", "system": "grpc", "span.kind": "server", "grpc.service": "user.UserService", "grpc.method": "Create", "peer.address": "127.0.0.1:41422", "grpc.code": "OK", "grpc.time_ms": 0.039}
2024-04-23T17:49:27.032+0500	INFO	app/main.go:36	User service stops !
2024-04-23T17:49:43.115+0500	INFO	app/app.go:101	gRPC Server Listening	{"url": ":50025"}
2024-04-23T17:49:53.095+0500	ERROR	zap/options.go:212	finished unary call with code Unknown	{"grpc.start_time": "2024-04-23T17:49:53+05:00", "system": "grpc", "span.kind": "server", "grpc.service": "user.UserService", "grpc.method": "Get", "peer.address": "127.0.0.1:52836", "error": "failed to get user: ERROR: column \"refresh_token\" does not exist (SQLSTATE 42703)", "grpc.code": "Unknown", "grpc.time_ms": 10.252}
github.com/grpc-ecosystem/go-grpc-middleware/logging/zap.DefaultMessageProducer
	/home/awez/projects/nt/go/pkg/mod/github.com/grpc-ecosystem/go-grpc-middleware@v1.4.0/logging/zap/options.go:212
github.com/grpc-ecosystem/go-grpc-middleware/logging/zap.UnaryServerInterceptor.func1
	/home/awez/projects/nt/go/pkg/mod/github.com/grpc-ecosystem/go-grpc-middleware@v1.4.0/logging/zap/server_interceptors.go:39
Booking/user-service-booking/internal/app.NewApp.ChainUnaryServer.func5.1
	/home/awez/projects/nt/go/pkg/mod/github.com/grpc-ecosystem/go-grpc-middleware@v1.4.0/chain.go:48
github.com/grpc-ecosystem/go-grpc-middleware/tags.UnaryServerInterceptor.func1
	/home/awez/projects/nt/go/pkg/mod/github.com/grpc-ecosystem/go-grpc-middleware@v1.4.0/tags/interceptors.go:23
Booking/user-service-booking/internal/app.NewApp.ChainUnaryServer.func5
	/home/awez/projects/nt/go/pkg/mod/github.com/grpc-ecosystem/go-grpc-middleware@v1.4.0/chain.go:53
Booking/user-service-booking/internal/app.NewApp.UnaryInterceptor.func7.1.1
	/home/awez/projects/nt/go/src/Booking/user-service-booking/internal/delivery/grpc/server/middleware.go:16
Booking/user-service-booking/internal/app.NewApp.UnaryInterceptor.func7
	/home/awez/projects/nt/go/src/Booking/user-service-booking/internal/delivery/grpc/server/middleware.go:23
Booking/user-service-booking/genproto/user-proto._UserService_Get_Handler
	/home/awez/projects/nt/go/src/Booking/user-service-booking/genproto/user-proto/user.pb.go:642
google.golang.org/grpc.(*Server).processUnaryRPC
	/home/awez/projects/nt/go/pkg/mod/google.golang.org/grpc@v1.63.2/server.go:1369
google.golang.org/grpc.(*Server).handleStream
	/home/awez/projects/nt/go/pkg/mod/google.golang.org/grpc@v1.63.2/server.go:1780
google.golang.org/grpc.(*Server).serveStreams.func2.1
	/home/awez/projects/nt/go/pkg/mod/google.golang.org/grpc@v1.63.2/server.go:1019
2024-04-23T17:50:30.039+0500	ERROR	zap/options.go:212	finished unary call with code Unknown	{"grpc.start_time": "2024-04-23T17:50:30+05:00", "system": "grpc", "span.kind": "server", "grpc.service": "user.UserService", "grpc.method": "Get", "peer.address": "127.0.0.1:43176", "error": "failed to get user: ERROR: column \"refresh_token\" does not exist (SQLSTATE 42703)", "grpc.code": "Unknown", "grpc.time_ms": 0.526}
github.com/grpc-ecosystem/go-grpc-middleware/logging/zap.DefaultMessageProducer
	/home/awez/projects/nt/go/pkg/mod/github.com/grpc-ecosystem/go-grpc-middleware@v1.4.0/logging/zap/options.go:212
github.com/grpc-ecosystem/go-grpc-middleware/logging/zap.UnaryServerInterceptor.func1
	/home/awez/projects/nt/go/pkg/mod/github.com/grpc-ecosystem/go-grpc-middleware@v1.4.0/logging/zap/server_interceptors.go:39
Booking/user-service-booking/internal/app.NewApp.ChainUnaryServer.func5.1
	/home/awez/projects/nt/go/pkg/mod/github.com/grpc-ecosystem/go-grpc-middleware@v1.4.0/chain.go:48
github.com/grpc-ecosystem/go-grpc-middleware/tags.UnaryServerInterceptor.func1
	/home/awez/projects/nt/go/pkg/mod/github.com/grpc-ecosystem/go-grpc-middleware@v1.4.0/tags/interceptors.go:23
Booking/user-service-booking/internal/app.NewApp.ChainUnaryServer.func5
	/home/awez/projects/nt/go/pkg/mod/github.com/grpc-ecosystem/go-grpc-middleware@v1.4.0/chain.go:53
Booking/user-service-booking/internal/app.NewApp.UnaryInterceptor.func7.1.1
	/home/awez/projects/nt/go/src/Booking/user-service-booking/internal/delivery/grpc/server/middleware.go:16
Booking/user-service-booking/internal/app.NewApp.UnaryInterceptor.func7
	/home/awez/projects/nt/go/src/Booking/user-service-booking/internal/delivery/grpc/server/middleware.go:23
Booking/user-service-booking/genproto/user-proto._UserService_Get_Handler
	/home/awez/projects/nt/go/src/Booking/user-service-booking/genproto/user-proto/user.pb.go:642
google.golang.org/grpc.(*Server).processUnaryRPC
	/home/awez/projects/nt/go/pkg/mod/google.golang.org/grpc@v1.63.2/server.go:1369
google.golang.org/grpc.(*Server).handleStream
	/home/awez/projects/nt/go/pkg/mod/google.golang.org/grpc@v1.63.2/server.go:1780
google.golang.org/grpc.(*Server).serveStreams.func2.1
	/home/awez/projects/nt/go/pkg/mod/google.golang.org/grpc@v1.63.2/server.go:1019
2024-04-23T17:50:41.623+0500	ERROR	zap/options.go:212	finished unary call with code Unknown	{"grpc.start_time": "2024-04-23T17:50:41+05:00", "system": "grpc", "span.kind": "server", "grpc.service": "user.UserService", "grpc.method": "Get", "peer.address": "127.0.0.1:51646", "error": "failed to get user: ERROR: column \"refresh_token\" does not exist (SQLSTATE 42703)", "grpc.code": "Unknown", "grpc.time_ms": 0.796}
github.com/grpc-ecosystem/go-grpc-middleware/logging/zap.DefaultMessageProducer
	/home/awez/projects/nt/go/pkg/mod/github.com/grpc-ecosystem/go-grpc-middleware@v1.4.0/logging/zap/options.go:212
github.com/grpc-ecosystem/go-grpc-middleware/logging/zap.UnaryServerInterceptor.func1
	/home/awez/projects/nt/go/pkg/mod/github.com/grpc-ecosystem/go-grpc-middleware@v1.4.0/logging/zap/server_interceptors.go:39
Booking/user-service-booking/internal/app.NewApp.ChainUnaryServer.func5.1
	/home/awez/projects/nt/go/pkg/mod/github.com/grpc-ecosystem/go-grpc-middleware@v1.4.0/chain.go:48
github.com/grpc-ecosystem/go-grpc-middleware/tags.UnaryServerInterceptor.func1
	/home/awez/projects/nt/go/pkg/mod/github.com/grpc-ecosystem/go-grpc-middleware@v1.4.0/tags/interceptors.go:23
Booking/user-service-booking/internal/app.NewApp.ChainUnaryServer.func5
	/home/awez/projects/nt/go/pkg/mod/github.com/grpc-ecosystem/go-grpc-middleware@v1.4.0/chain.go:53
Booking/user-service-booking/internal/app.NewApp.UnaryInterceptor.func7.1.1
	/home/awez/projects/nt/go/src/Booking/user-service-booking/internal/delivery/grpc/server/middleware.go:16
Booking/user-service-booking/internal/app.NewApp.UnaryInterceptor.func7
	/home/awez/projects/nt/go/src/Booking/user-service-booking/internal/delivery/grpc/server/middleware.go:23
Booking/user-service-booking/genproto/user-proto._UserService_Get_Handler
	/home/awez/projects/nt/go/src/Booking/user-service-booking/genproto/user-proto/user.pb.go:642
google.golang.org/grpc.(*Server).processUnaryRPC
	/home/awez/projects/nt/go/pkg/mod/google.golang.org/grpc@v1.63.2/server.go:1369
google.golang.org/grpc.(*Server).handleStream
	/home/awez/projects/nt/go/pkg/mod/google.golang.org/grpc@v1.63.2/server.go:1780
google.golang.org/grpc.(*Server).serveStreams.func2.1
	/home/awez/projects/nt/go/pkg/mod/google.golang.org/grpc@v1.63.2/server.go:1019
2024-04-23T17:56:51.340+0500	INFO	app/main.go:36	User service stops !
2024-04-23T17:59:19.016+0500	INFO	app/app.go:101	gRPC Server Listening	{"url": ":50025"}
2024-04-23T17:59:22.211+0500	INFO	zap/options.go:212	finished unary call with code OK	{"grpc.start_time": "2024-04-23T17:59:22+05:00", "system": "grpc", "span.kind": "server", "grpc.service": "user.UserService", "grpc.method": "Create", "peer.address": "127.0.0.1:56078", "grpc.code": "OK", "grpc.time_ms": 0.017}
2024-04-23T17:59:37.155+0500	ERROR	zap/options.go:212	finished unary call with code Unknown	{"grpc.start_time": "2024-04-23T17:59:37+05:00", "system": "grpc", "span.kind": "server", "grpc.service": "user.UserService", "grpc.method": "Get", "peer.address": "127.0.0.1:33896", "error": "failed to get user: no rows in result set", "grpc.code": "Unknown", "grpc.time_ms": 5.695}
github.com/grpc-ecosystem/go-grpc-middleware/logging/zap.DefaultMessageProducer
	/home/awez/projects/nt/go/pkg/mod/github.com/grpc-ecosystem/go-grpc-middleware@v1.4.0/logging/zap/options.go:212
github.com/grpc-ecosystem/go-grpc-middleware/logging/zap.UnaryServerInterceptor.func1
	/home/awez/projects/nt/go/pkg/mod/github.com/grpc-ecosystem/go-grpc-middleware@v1.4.0/logging/zap/server_interceptors.go:39
Booking/user-service-booking/internal/app.NewApp.ChainUnaryServer.func5.1
	/home/awez/projects/nt/go/pkg/mod/github.com/grpc-ecosystem/go-grpc-middleware@v1.4.0/chain.go:48
github.com/grpc-ecosystem/go-grpc-middleware/tags.UnaryServerInterceptor.func1
	/home/awez/projects/nt/go/pkg/mod/github.com/grpc-ecosystem/go-grpc-middleware@v1.4.0/tags/interceptors.go:23
Booking/user-service-booking/internal/app.NewApp.ChainUnaryServer.func5
	/home/awez/projects/nt/go/pkg/mod/github.com/grpc-ecosystem/go-grpc-middleware@v1.4.0/chain.go:53
Booking/user-service-booking/internal/app.NewApp.UnaryInterceptor.func7.1.1
	/home/awez/projects/nt/go/src/Booking/user-service-booking/internal/delivery/grpc/server/middleware.go:16
Booking/user-service-booking/internal/app.NewApp.UnaryInterceptor.func7
	/home/awez/projects/nt/go/src/Booking/user-service-booking/internal/delivery/grpc/server/middleware.go:23
Booking/user-service-booking/genproto/user-proto._UserService_Get_Handler
	/home/awez/projects/nt/go/src/Booking/user-service-booking/genproto/user-proto/user.pb.go:642
google.golang.org/grpc.(*Server).processUnaryRPC
	/home/awez/projects/nt/go/pkg/mod/google.golang.org/grpc@v1.63.2/server.go:1369
google.golang.org/grpc.(*Server).handleStream
	/home/awez/projects/nt/go/pkg/mod/google.golang.org/grpc@v1.63.2/server.go:1780
google.golang.org/grpc.(*Server).serveStreams.func2.1
	/home/awez/projects/nt/go/pkg/mod/google.golang.org/grpc@v1.63.2/server.go:1019
2024-04-23T18:00:41.479+0500	INFO	app/main.go:36	User service stops !
2024-04-23T18:09:31.498+0500	INFO	app/app.go:101	gRPC Server Listening	{"url": ":50025"}
2024-04-23T18:09:36.418+0500	ERROR	zap/options.go:212	finished unary call with code Unknown	{"grpc.start_time": "2024-04-23T18:09:36+05:00", "system": "grpc", "span.kind": "server", "grpc.service": "user.UserService", "grpc.method": "Create", "peer.address": "127.0.0.1:51826", "error": "failed to parse date of birth: parsing time \"Hello\" as \"2006-01-02\": cannot parse \"Hello\" as \"2006\"", "grpc.code": "Unknown", "grpc.time_ms": 0.091}
github.com/grpc-ecosystem/go-grpc-middleware/logging/zap.DefaultMessageProducer
	/home/awez/projects/nt/go/pkg/mod/github.com/grpc-ecosystem/go-grpc-middleware@v1.4.0/logging/zap/options.go:212
github.com/grpc-ecosystem/go-grpc-middleware/logging/zap.UnaryServerInterceptor.func1
	/home/awez/projects/nt/go/pkg/mod/github.com/grpc-ecosystem/go-grpc-middleware@v1.4.0/logging/zap/server_interceptors.go:39
Booking/user-service-booking/internal/app.NewApp.ChainUnaryServer.func5.1
	/home/awez/projects/nt/go/pkg/mod/github.com/grpc-ecosystem/go-grpc-middleware@v1.4.0/chain.go:48
github.com/grpc-ecosystem/go-grpc-middleware/tags.UnaryServerInterceptor.func1
	/home/awez/projects/nt/go/pkg/mod/github.com/grpc-ecosystem/go-grpc-middleware@v1.4.0/tags/interceptors.go:23
Booking/user-service-booking/internal/app.NewApp.ChainUnaryServer.func5
	/home/awez/projects/nt/go/pkg/mod/github.com/grpc-ecosystem/go-grpc-middleware@v1.4.0/chain.go:53
Booking/user-service-booking/internal/app.NewApp.UnaryInterceptor.func7.1.1
	/home/awez/projects/nt/go/src/Booking/user-service-booking/internal/delivery/grpc/server/middleware.go:16
Booking/user-service-booking/internal/app.NewApp.UnaryInterceptor.func7
	/home/awez/projects/nt/go/src/Booking/user-service-booking/internal/delivery/grpc/server/middleware.go:23
Booking/user-service-booking/genproto/user-proto._UserService_Create_Handler
	/home/awez/projects/nt/go/src/Booking/user-service-booking/genproto/user-proto/user.pb.go:624
google.golang.org/grpc.(*Server).processUnaryRPC
	/home/awez/projects/nt/go/pkg/mod/google.golang.org/grpc@v1.63.2/server.go:1369
google.golang.org/grpc.(*Server).handleStream
	/home/awez/projects/nt/go/pkg/mod/google.golang.org/grpc@v1.63.2/server.go:1780
google.golang.org/grpc.(*Server).serveStreams.func2.1
	/home/awez/projects/nt/go/pkg/mod/google.golang.org/grpc@v1.63.2/server.go:1019
2024-04-23T18:09:55.547+0500	INFO	zap/options.go:212	finished unary call with code OK	{"grpc.start_time": "2024-04-23T18:09:55+05:00", "system": "grpc", "span.kind": "server", "grpc.service": "user.UserService", "grpc.method": "Create", "peer.address": "127.0.0.1:53872", "grpc.code": "OK", "grpc.time_ms": 3.566}
2024-04-23T18:11:11.509+0500	ERROR	zap/options.go:212	finished unary call with code Unknown	{"grpc.start_time": "2024-04-23T18:11:11+05:00", "system": "grpc", "span.kind": "server", "grpc.service": "user.UserService", "grpc.method": "Get", "peer.address": "127.0.0.1:39980", "error": "failed to get user: can't scan into dest[4]: unable to assign to *string", "grpc.code": "Unknown", "grpc.time_ms": 2.773}
github.com/grpc-ecosystem/go-grpc-middleware/logging/zap.DefaultMessageProducer
	/home/awez/projects/nt/go/pkg/mod/github.com/grpc-ecosystem/go-grpc-middleware@v1.4.0/logging/zap/options.go:212
github.com/grpc-ecosystem/go-grpc-middleware/logging/zap.UnaryServerInterceptor.func1
	/home/awez/projects/nt/go/pkg/mod/github.com/grpc-ecosystem/go-grpc-middleware@v1.4.0/logging/zap/server_interceptors.go:39
Booking/user-service-booking/internal/app.NewApp.ChainUnaryServer.func5.1
	/home/awez/projects/nt/go/pkg/mod/github.com/grpc-ecosystem/go-grpc-middleware@v1.4.0/chain.go:48
github.com/grpc-ecosystem/go-grpc-middleware/tags.UnaryServerInterceptor.func1
	/home/awez/projects/nt/go/pkg/mod/github.com/grpc-ecosystem/go-grpc-middleware@v1.4.0/tags/interceptors.go:23
Booking/user-service-booking/internal/app.NewApp.ChainUnaryServer.func5
	/home/awez/projects/nt/go/pkg/mod/github.com/grpc-ecosystem/go-grpc-middleware@v1.4.0/chain.go:53
Booking/user-service-booking/internal/app.NewApp.UnaryInterceptor.func7.1.1
	/home/awez/projects/nt/go/src/Booking/user-service-booking/internal/delivery/grpc/server/middleware.go:16
Booking/user-service-booking/internal/app.NewApp.UnaryInterceptor.func7
	/home/awez/projects/nt/go/src/Booking/user-service-booking/internal/delivery/grpc/server/middleware.go:23
Booking/user-service-booking/genproto/user-proto._UserService_Get_Handler
	/home/awez/projects/nt/go/src/Booking/user-service-booking/genproto/user-proto/user.pb.go:642
google.golang.org/grpc.(*Server).processUnaryRPC
	/home/awez/projects/nt/go/pkg/mod/google.golang.org/grpc@v1.63.2/server.go:1369
google.golang.org/grpc.(*Server).handleStream
	/home/awez/projects/nt/go/pkg/mod/google.golang.org/grpc@v1.63.2/server.go:1780
google.golang.org/grpc.(*Server).serveStreams.func2.1
	/home/awez/projects/nt/go/pkg/mod/google.golang.org/grpc@v1.63.2/server.go:1019
2024-04-23T18:12:49.128+0500	INFO	zap/options.go:212	finished unary call with code OK	{"grpc.start_time": "2024-04-23T18:12:49+05:00", "system": "grpc", "span.kind": "server", "grpc.service": "user.UserService", "grpc.method": "Create", "peer.address": "127.0.0.1:41004", "grpc.code": "OK", "grpc.time_ms": 3.092}
2024-04-23T18:13:38.002+0500	ERROR	zap/options.go:212	finished unary call with code Unknown	{"grpc.start_time": "2024-04-23T18:13:38+05:00", "system": "grpc", "span.kind": "server", "grpc.service": "user.UserService", "grpc.method": "Get", "peer.address": "127.0.0.1:55602", "error": "failed to get user: can't scan into dest[4]: unable to assign to *string", "grpc.code": "Unknown", "grpc.time_ms": 0.654}
github.com/grpc-ecosystem/go-grpc-middleware/logging/zap.DefaultMessageProducer
	/home/awez/projects/nt/go/pkg/mod/github.com/grpc-ecosystem/go-grpc-middleware@v1.4.0/logging/zap/options.go:212
github.com/grpc-ecosystem/go-grpc-middleware/logging/zap.UnaryServerInterceptor.func1
	/home/awez/projects/nt/go/pkg/mod/github.com/grpc-ecosystem/go-grpc-middleware@v1.4.0/logging/zap/server_interceptors.go:39
Booking/user-service-booking/internal/app.NewApp.ChainUnaryServer.func5.1
	/home/awez/projects/nt/go/pkg/mod/github.com/grpc-ecosystem/go-grpc-middleware@v1.4.0/chain.go:48
github.com/grpc-ecosystem/go-grpc-middleware/tags.UnaryServerInterceptor.func1
	/home/awez/projects/nt/go/pkg/mod/github.com/grpc-ecosystem/go-grpc-middleware@v1.4.0/tags/interceptors.go:23
Booking/user-service-booking/internal/app.NewApp.ChainUnaryServer.func5
	/home/awez/projects/nt/go/pkg/mod/github.com/grpc-ecosystem/go-grpc-middleware@v1.4.0/chain.go:53
Booking/user-service-booking/internal/app.NewApp.UnaryInterceptor.func7.1.1
	/home/awez/projects/nt/go/src/Booking/user-service-booking/internal/delivery/grpc/server/middleware.go:16
Booking/user-service-booking/internal/app.NewApp.UnaryInterceptor.func7
	/home/awez/projects/nt/go/src/Booking/user-service-booking/internal/delivery/grpc/server/middleware.go:23
Booking/user-service-booking/genproto/user-proto._UserService_Get_Handler
	/home/awez/projects/nt/go/src/Booking/user-service-booking/genproto/user-proto/user.pb.go:642
google.golang.org/grpc.(*Server).processUnaryRPC
	/home/awez/projects/nt/go/pkg/mod/google.golang.org/grpc@v1.63.2/server.go:1369
google.golang.org/grpc.(*Server).handleStream
	/home/awez/projects/nt/go/pkg/mod/google.golang.org/grpc@v1.63.2/server.go:1780
google.golang.org/grpc.(*Server).serveStreams.func2.1
	/home/awez/projects/nt/go/pkg/mod/google.golang.org/grpc@v1.63.2/server.go:1019
2024-04-23T18:18:05.512+0500	INFO	app/main.go:36	User service stops !
2024-04-23T18:41:17.595+0500	INFO	app/app.go:101	gRPC Server Listening	{"url": ":50025"}
2024-04-23T18:41:20.478+0500	INFO	zap/options.go:212	finished unary call with code OK	{"grpc.start_time": "2024-04-23T18:41:20+05:00", "system": "grpc", "span.kind": "server", "grpc.service": "user.UserService", "grpc.method": "Get", "peer.address": "127.0.0.1:60624", "grpc.code": "OK", "grpc.time_ms": 4.965}
2024-04-23T18:42:22.783+0500	INFO	zap/options.go:212	finished unary call with code OK	{"grpc.start_time": "2024-04-23T18:42:22+05:00", "system": "grpc", "span.kind": "server", "grpc.service": "user.UserService", "grpc.method": "GetAllUsers", "peer.address": "127.0.0.1:59410", "grpc.code": "OK", "grpc.time_ms": 0.074}
2024-04-23T18:42:30.023+0500	INFO	zap/options.go:212	finished unary call with code OK	{"grpc.start_time": "2024-04-23T18:42:30+05:00", "system": "grpc", "span.kind": "server", "grpc.service": "user.UserService", "grpc.method": "ListUsers", "peer.address": "127.0.0.1:35810", "grpc.code": "OK", "grpc.time_ms": 0.063}
2024-04-23T18:42:34.283+0500	INFO	app/main.go:36	User service stops !
2024-04-23T18:46:54.476+0500	INFO	app/app.go:101	gRPC Server Listening	{"url": ":50025"}
2024-04-23T18:47:11.078+0500	INFO	zap/options.go:212	finished unary call with code OK	{"grpc.start_time": "2024-04-23T18:47:11+05:00", "system": "grpc", "span.kind": "server", "grpc.service": "user.UserService", "grpc.method": "GetAllUsers", "peer.address": "127.0.0.1:42742", "grpc.code": "OK", "grpc.time_ms": 0.036}
2024-04-23T18:47:15.035+0500	INFO	zap/options.go:212	finished unary call with code OK	{"grpc.start_time": "2024-04-23T18:47:15+05:00", "system": "grpc", "span.kind": "server", "grpc.service": "user.UserService", "grpc.method": "GetAllUsers", "peer.address": "127.0.0.1:58892", "grpc.code": "OK", "grpc.time_ms": 0.181}
2024-04-23T18:47:21.628+0500	INFO	zap/options.go:212	finished unary call with code OK	{"grpc.start_time": "2024-04-23T18:47:21+05:00", "system": "grpc", "span.kind": "server", "grpc.service": "user.UserService", "grpc.method": "ListUsers", "peer.address": "127.0.0.1:58896", "grpc.code": "OK", "grpc.time_ms": 7.979}
2024-04-23T18:47:25.628+0500	INFO	zap/options.go:212	finished unary call with code OK	{"grpc.start_time": "2024-04-23T18:47:25+05:00", "system": "grpc", "span.kind": "server", "grpc.service": "user.UserService", "grpc.method": "ListUsers", "peer.address": "127.0.0.1:34968", "grpc.code": "OK", "grpc.time_ms": 1.345}
2024-04-23T18:47:34.232+0500	INFO	zap/options.go:212	finished unary call with code OK	{"grpc.start_time": "2024-04-23T18:47:34+05:00", "system": "grpc", "span.kind": "server", "grpc.service": "user.UserService", "grpc.method": "ListUsers", "peer.address": "127.0.0.1:33090", "grpc.code": "OK", "grpc.time_ms": 4.545}
2024-04-23T18:47:43.875+0500	INFO	zap/options.go:212	finished unary call with code OK	{"grpc.start_time": "2024-04-23T18:47:43+05:00", "system": "grpc", "span.kind": "server", "grpc.service": "user.UserService", "grpc.method": "GetAllUsers", "peer.address": "127.0.0.1:59624", "grpc.code": "OK", "grpc.time_ms": 0.235}
2024-04-23T18:47:47.450+0500	INFO	app/main.go:36	User service stops !
2024-04-23T18:49:59.281+0500	INFO	app/app.go:101	gRPC Server Listening	{"url": ":50025"}
2024-04-23T18:50:05.235+0500	INFO	zap/options.go:212	finished unary call with code OK	{"grpc.start_time": "2024-04-23T18:50:05+05:00", "system": "grpc", "span.kind": "server", "grpc.service": "user.UserService", "grpc.method": "GetAllUsers", "peer.address": "127.0.0.1:44074", "grpc.code": "OK", "grpc.time_ms": 2.919}
2024-04-23T18:50:36.293+0500	INFO	zap/options.go:212	finished unary call with code OK	{"grpc.start_time": "2024-04-23T18:50:36+05:00", "system": "grpc", "span.kind": "server", "grpc.service": "user.UserService", "grpc.method": "Update", "peer.address": "127.0.0.1:41682", "grpc.code": "OK", "grpc.time_ms": 0.013}
2024-04-23T18:50:44.941+0500	INFO	zap/options.go:212	finished unary call with code OK	{"grpc.start_time": "2024-04-23T18:50:44+05:00", "system": "grpc", "span.kind": "server", "grpc.service": "user.UserService", "grpc.method": "GetAllUsers", "peer.address": "127.0.0.1:58370", "grpc.code": "OK", "grpc.time_ms": 0.73}
2024-04-23T18:50:47.667+0500	INFO	app/main.go:36	User service stops !
2024-04-23T18:51:41.103+0500	INFO	app/app.go:101	gRPC Server Listening	{"url": ":50025"}
2024-04-23T18:51:44.031+0500	ERROR	zap/options.go:212	finished unary call with code Unknown	{"grpc.start_time": "2024-04-23T18:51:44+05:00", "system": "grpc", "span.kind": "server", "grpc.service": "user.UserService", "grpc.method": "Update", "peer.address": "127.0.0.1:58082", "error": "failed to parse date of birth: parsing time \"Hello\" as \"2006-01-02\": cannot parse \"Hello\" as \"2006\"", "grpc.code": "Unknown", "grpc.time_ms": 0.121}
github.com/grpc-ecosystem/go-grpc-middleware/logging/zap.DefaultMessageProducer
	/home/awez/projects/nt/go/pkg/mod/github.com/grpc-ecosystem/go-grpc-middleware@v1.4.0/logging/zap/options.go:212
github.com/grpc-ecosystem/go-grpc-middleware/logging/zap.UnaryServerInterceptor.func1
	/home/awez/projects/nt/go/pkg/mod/github.com/grpc-ecosystem/go-grpc-middleware@v1.4.0/logging/zap/server_interceptors.go:39
Booking/user-service-booking/internal/app.NewApp.ChainUnaryServer.func5.1
	/home/awez/projects/nt/go/pkg/mod/github.com/grpc-ecosystem/go-grpc-middleware@v1.4.0/chain.go:48
github.com/grpc-ecosystem/go-grpc-middleware/tags.UnaryServerInterceptor.func1
	/home/awez/projects/nt/go/pkg/mod/github.com/grpc-ecosystem/go-grpc-middleware@v1.4.0/tags/interceptors.go:23
Booking/user-service-booking/internal/app.NewApp.ChainUnaryServer.func5
	/home/awez/projects/nt/go/pkg/mod/github.com/grpc-ecosystem/go-grpc-middleware@v1.4.0/chain.go:53
Booking/user-service-booking/internal/app.NewApp.UnaryInterceptor.func7.1.1
	/home/awez/projects/nt/go/src/Booking/user-service-booking/internal/delivery/grpc/server/middleware.go:16
Booking/user-service-booking/internal/app.NewApp.UnaryInterceptor.func7
	/home/awez/projects/nt/go/src/Booking/user-service-booking/internal/delivery/grpc/server/middleware.go:23
Booking/user-service-booking/genproto/user-proto._UserService_Update_Handler
	/home/awez/projects/nt/go/src/Booking/user-service-booking/genproto/user-proto/user.pb.go:696
google.golang.org/grpc.(*Server).processUnaryRPC
	/home/awez/projects/nt/go/pkg/mod/google.golang.org/grpc@v1.63.2/server.go:1369
google.golang.org/grpc.(*Server).handleStream
	/home/awez/projects/nt/go/pkg/mod/google.golang.org/grpc@v1.63.2/server.go:1780
google.golang.org/grpc.(*Server).serveStreams.func2.1
	/home/awez/projects/nt/go/pkg/mod/google.golang.org/grpc@v1.63.2/server.go:1019
2024-04-23T18:51:55.960+0500	INFO	zap/options.go:212	finished unary call with code OK	{"grpc.start_time": "2024-04-23T18:51:55+05:00", "system": "grpc", "span.kind": "server", "grpc.service": "user.UserService", "grpc.method": "Update", "peer.address": "127.0.0.1:41714", "grpc.code": "OK", "grpc.time_ms": 15.481}
2024-04-23T18:52:03.650+0500	INFO	zap/options.go:212	finished unary call with code OK	{"grpc.start_time": "2024-04-23T18:52:03+05:00", "system": "grpc", "span.kind": "server", "grpc.service": "user.UserService", "grpc.method": "GetAllUsers", "peer.address": "127.0.0.1:45796", "grpc.code": "OK", "grpc.time_ms": 5.374}
2024-04-23T18:52:41.948+0500	INFO	zap/options.go:212	finished unary call with code OK	{"grpc.start_time": "2024-04-23T18:52:41+05:00", "system": "grpc", "span.kind": "server", "grpc.service": "user.UserService", "grpc.method": "Update", "peer.address": "127.0.0.1:37448", "grpc.code": "OK", "grpc.time_ms": 3.325}
2024-04-23T18:52:51.399+0500	INFO	zap/options.go:212	finished unary call with code OK	{"grpc.start_time": "2024-04-23T18:52:51+05:00", "system": "grpc", "span.kind": "server", "grpc.service": "user.UserService", "grpc.method": "Update", "peer.address": "127.0.0.1:38356", "grpc.code": "OK", "grpc.time_ms": 2.467}
2024-04-23T18:52:54.341+0500	INFO	zap/options.go:212	finished unary call with code OK	{"grpc.start_time": "2024-04-23T18:52:54+05:00", "system": "grpc", "span.kind": "server", "grpc.service": "user.UserService", "grpc.method": "GetAllUsers", "peer.address": "127.0.0.1:58204", "grpc.code": "OK", "grpc.time_ms": 0.421}
2024-04-23T18:53:01.428+0500	INFO	app/main.go:36	User service stops !
2024-04-23T18:57:50.428+0500	INFO	app/app.go:101	gRPC Server Listening	{"url": ":50025"}
2024-04-23T18:58:18.469+0500	INFO	zap/options.go:212	finished unary call with code OK	{"grpc.start_time": "2024-04-23T18:58:18+05:00", "system": "grpc", "span.kind": "server", "grpc.service": "user.UserService", "grpc.method": "GetAllUsers", "peer.address": "127.0.0.1:36848", "grpc.code": "OK", "grpc.time_ms": 9.531}
2024-04-23T18:58:28.565+0500	INFO	zap/options.go:212	finished unary call with code OK	{"grpc.start_time": "2024-04-23T18:58:28+05:00", "system": "grpc", "span.kind": "server", "grpc.service": "user.UserService", "grpc.method": "SoftDelete", "peer.address": "127.0.0.1:38170", "grpc.code": "OK", "grpc.time_ms": 8.464}
2024-04-23T18:58:32.433+0500	INFO	zap/options.go:212	finished unary call with code OK	{"grpc.start_time": "2024-04-23T18:58:32+05:00", "system": "grpc", "span.kind": "server", "grpc.service": "user.UserService", "grpc.method": "GetAllUsers", "peer.address": "127.0.0.1:38182", "grpc.code": "OK", "grpc.time_ms": 0.451}
2024-04-23T18:58:34.593+0500	INFO	zap/options.go:212	finished unary call with code OK	{"grpc.start_time": "2024-04-23T18:58:34+05:00", "system": "grpc", "span.kind": "server", "grpc.service": "user.UserService", "grpc.method": "ListUsers", "peer.address": "127.0.0.1:56138", "grpc.code": "OK", "grpc.time_ms": 1.68}
2024-04-23T18:58:39.392+0500	INFO	zap/options.go:212	finished unary call with code OK	{"grpc.start_time": "2024-04-23T18:58:39+05:00", "system": "grpc", "span.kind": "server", "grpc.service": "user.UserService", "grpc.method": "ListUsers", "peer.address": "127.0.0.1:56152", "grpc.code": "OK", "grpc.time_ms": 0.711}
2024-04-23T18:58:56.406+0500	INFO	zap/options.go:212	finished unary call with code OK	{"grpc.start_time": "2024-04-23T18:58:56+05:00", "system": "grpc", "span.kind": "server", "grpc.service": "user.UserService", "grpc.method": "GetAllUsers", "peer.address": "127.0.0.1:44174", "grpc.code": "OK", "grpc.time_ms": 1.232}
2024-04-23T19:00:05.310+0500	INFO	app/main.go:36	User service stops !
2024-04-23T19:04:26.281+0500	INFO	app/app.go:101	gRPC Server Listening	{"url": ":50025"}
2024-04-23T19:04:29.619+0500	INFO	zap/options.go:212	finished unary call with code OK	{"grpc.start_time": "2024-04-23T19:04:29+05:00", "system": "grpc", "span.kind": "server", "grpc.service": "user.UserService", "grpc.method": "ListUsers", "peer.address": "127.0.0.1:50180", "grpc.code": "OK", "grpc.time_ms": 8.637}
2024-04-23T19:05:02.714+0500	INFO	zap/options.go:212	finished unary call with code OK	{"grpc.start_time": "2024-04-23T19:05:02+05:00", "system": "grpc", "span.kind": "server", "grpc.service": "user.UserService", "grpc.method": "GetAllUsers", "peer.address": "127.0.0.1:34998", "grpc.code": "OK", "grpc.time_ms": 1.929}
2024-04-23T19:05:45.119+0500	INFO	app/main.go:36	User service stops !
2024-04-23T19:05:49.067+0500	INFO	app/app.go:101	gRPC Server Listening	{"url": ":50025"}
2024-04-23T19:05:53.413+0500	ERROR	zap/options.go:212	finished unary call with code Unknown	{"grpc.start_time": "2024-04-23T19:05:53+05:00", "system": "grpc", "span.kind": "server", "grpc.service": "user.UserService", "grpc.method": "ListUsers", "peer.address": "127.0.0.1:38870", "error": "failed to execute SQL query for listing users: ERROR: argument of WHERE must be type boolean, not type timestamp without time zone (SQLSTATE 42804)", "grpc.code": "Unknown", "grpc.time_ms": 7.736}
github.com/grpc-ecosystem/go-grpc-middleware/logging/zap.DefaultMessageProducer
	/home/awez/projects/nt/go/pkg/mod/github.com/grpc-ecosystem/go-grpc-middleware@v1.4.0/logging/zap/options.go:212
github.com/grpc-ecosystem/go-grpc-middleware/logging/zap.UnaryServerInterceptor.func1
	/home/awez/projects/nt/go/pkg/mod/github.com/grpc-ecosystem/go-grpc-middleware@v1.4.0/logging/zap/server_interceptors.go:39
Booking/user-service-booking/internal/app.NewApp.ChainUnaryServer.func5.1
	/home/awez/projects/nt/go/pkg/mod/github.com/grpc-ecosystem/go-grpc-middleware@v1.4.0/chain.go:48
github.com/grpc-ecosystem/go-grpc-middleware/tags.UnaryServerInterceptor.func1
	/home/awez/projects/nt/go/pkg/mod/github.com/grpc-ecosystem/go-grpc-middleware@v1.4.0/tags/interceptors.go:23
Booking/user-service-booking/internal/app.NewApp.ChainUnaryServer.func5
	/home/awez/projects/nt/go/pkg/mod/github.com/grpc-ecosystem/go-grpc-middleware@v1.4.0/chain.go:53
Booking/user-service-booking/internal/app.NewApp.UnaryInterceptor.func7.1.1
	/home/awez/projects/nt/go/src/Booking/user-service-booking/internal/delivery/grpc/server/middleware.go:16
Booking/user-service-booking/internal/app.NewApp.UnaryInterceptor.func7
	/home/awez/projects/nt/go/src/Booking/user-service-booking/internal/delivery/grpc/server/middleware.go:23
Booking/user-service-booking/genproto/user-proto._UserService_ListUsers_Handler
	/home/awez/projects/nt/go/src/Booking/user-service-booking/genproto/user-proto/user.pb.go:727
google.golang.org/grpc.(*Server).processUnaryRPC
	/home/awez/projects/nt/go/pkg/mod/google.golang.org/grpc@v1.63.2/server.go:1369
google.golang.org/grpc.(*Server).handleStream
	/home/awez/projects/nt/go/pkg/mod/google.golang.org/grpc@v1.63.2/server.go:1780
google.golang.org/grpc.(*Server).serveStreams.func2.1
	/home/awez/projects/nt/go/pkg/mod/google.golang.org/grpc@v1.63.2/server.go:1019
2024-04-23T19:06:04.730+0500	INFO	app/main.go:36	User service stops !
2024-04-23T19:06:13.746+0500	INFO	app/app.go:101	gRPC Server Listening	{"url": ":50025"}
2024-04-23T19:06:15.735+0500	ERROR	zap/options.go:212	finished unary call with code Unknown	{"grpc.start_time": "2024-04-23T19:06:15+05:00", "system": "grpc", "span.kind": "server", "grpc.service": "user.UserService", "grpc.method": "ListUsers", "peer.address": "127.0.0.1:51668", "error": "failed to execute SQL query for listing users: ERROR: argument of WHERE must be type boolean, not type timestamp without time zone (SQLSTATE 42804)", "grpc.code": "Unknown", "grpc.time_ms": 7.024}
github.com/grpc-ecosystem/go-grpc-middleware/logging/zap.DefaultMessageProducer
	/home/awez/projects/nt/go/pkg/mod/github.com/grpc-ecosystem/go-grpc-middleware@v1.4.0/logging/zap/options.go:212
github.com/grpc-ecosystem/go-grpc-middleware/logging/zap.UnaryServerInterceptor.func1
	/home/awez/projects/nt/go/pkg/mod/github.com/grpc-ecosystem/go-grpc-middleware@v1.4.0/logging/zap/server_interceptors.go:39
Booking/user-service-booking/internal/app.NewApp.ChainUnaryServer.func5.1
	/home/awez/projects/nt/go/pkg/mod/github.com/grpc-ecosystem/go-grpc-middleware@v1.4.0/chain.go:48
github.com/grpc-ecosystem/go-grpc-middleware/tags.UnaryServerInterceptor.func1
	/home/awez/projects/nt/go/pkg/mod/github.com/grpc-ecosystem/go-grpc-middleware@v1.4.0/tags/interceptors.go:23
Booking/user-service-booking/internal/app.NewApp.ChainUnaryServer.func5
	/home/awez/projects/nt/go/pkg/mod/github.com/grpc-ecosystem/go-grpc-middleware@v1.4.0/chain.go:53
Booking/user-service-booking/internal/app.NewApp.UnaryInterceptor.func7.1.1
	/home/awez/projects/nt/go/src/Booking/user-service-booking/internal/delivery/grpc/server/middleware.go:16
Booking/user-service-booking/internal/app.NewApp.UnaryInterceptor.func7
	/home/awez/projects/nt/go/src/Booking/user-service-booking/internal/delivery/grpc/server/middleware.go:23
Booking/user-service-booking/genproto/user-proto._UserService_ListUsers_Handler
	/home/awez/projects/nt/go/src/Booking/user-service-booking/genproto/user-proto/user.pb.go:727
google.golang.org/grpc.(*Server).processUnaryRPC
	/home/awez/projects/nt/go/pkg/mod/google.golang.org/grpc@v1.63.2/server.go:1369
google.golang.org/grpc.(*Server).handleStream
	/home/awez/projects/nt/go/pkg/mod/google.golang.org/grpc@v1.63.2/server.go:1780
google.golang.org/grpc.(*Server).serveStreams.func2.1
	/home/awez/projects/nt/go/pkg/mod/google.golang.org/grpc@v1.63.2/server.go:1019
2024-04-23T19:07:04.541+0500	INFO	app/main.go:36	User service stops !
2024-04-23T19:12:39.357+0500	INFO	app/app.go:101	gRPC Server Listening	{"url": ":50025"}
2024-04-23T19:12:45.243+0500	INFO	zap/options.go:212	finished unary call with code OK	{"grpc.start_time": "2024-04-23T19:12:45+05:00", "system": "grpc", "span.kind": "server", "grpc.service": "user.UserService", "grpc.method": "ListUsers", "peer.address": "127.0.0.1:35528", "grpc.code": "OK", "grpc.time_ms": 10.563}
2024-04-23T19:13:00.954+0500	INFO	zap/options.go:212	finished unary call with code OK	{"grpc.start_time": "2024-04-23T19:13:00+05:00", "system": "grpc", "span.kind": "server", "grpc.service": "user.UserService", "grpc.method": "SoftDelete", "peer.address": "127.0.0.1:45378", "grpc.code": "OK", "grpc.time_ms": 8.765}
2024-04-23T19:13:05.214+0500	INFO	zap/options.go:212	finished unary call with code OK	{"grpc.start_time": "2024-04-23T19:13:05+05:00", "system": "grpc", "span.kind": "server", "grpc.service": "user.UserService", "grpc.method": "ListUsers", "peer.address": "127.0.0.1:52874", "grpc.code": "OK", "grpc.time_ms": 0.846}
2024-04-23T19:13:08.712+0500	INFO	zap/options.go:212	finished unary call with code OK	{"grpc.start_time": "2024-04-23T19:13:08+05:00", "system": "grpc", "span.kind": "server", "grpc.service": "user.UserService", "grpc.method": "GetAllUsers", "peer.address": "127.0.0.1:52888", "grpc.code": "OK", "grpc.time_ms": 10.065}
2024-04-23T19:13:15.118+0500	INFO	app/main.go:36	User service stops !
2024-04-23T19:15:20.654+0500	INFO	app/app.go:101	gRPC Server Listening	{"url": ":50025"}
2024-04-23T19:15:36.848+0500	INFO	zap/options.go:212	finished unary call with code OK	{"grpc.start_time": "2024-04-23T19:15:36+05:00", "system": "grpc", "span.kind": "server", "grpc.service": "user.UserService", "grpc.method": "SoftDelete", "peer.address": "127.0.0.1:42772", "grpc.code": "OK", "grpc.time_ms": 4.612}
2024-04-23T19:15:43.123+0500	INFO	zap/options.go:212	finished unary call with code OK	{"grpc.start_time": "2024-04-23T19:15:43+05:00", "system": "grpc", "span.kind": "server", "grpc.service": "user.UserService", "grpc.method": "ListUsers", "peer.address": "127.0.0.1:42780", "grpc.code": "OK", "grpc.time_ms": 1.69}
2024-04-23T19:15:46.003+0500	INFO	zap/options.go:212	finished unary call with code OK	{"grpc.start_time": "2024-04-23T19:15:46+05:00", "system": "grpc", "span.kind": "server", "grpc.service": "user.UserService", "grpc.method": "GetAllUsers", "peer.address": "127.0.0.1:36902", "grpc.code": "OK", "grpc.time_ms": 1.098}
2024-04-23T19:16:48.381+0500	INFO	app/main.go:36	User service stops !
2024-04-23T19:16:54.202+0500	INFO	app/app.go:101	gRPC Server Listening	{"url": ":50025"}
2024-04-23T19:16:58.827+0500	INFO	zap/options.go:212	finished unary call with code OK	{"grpc.start_time": "2024-04-23T19:16:58+05:00", "system": "grpc", "span.kind": "server", "grpc.service": "user.UserService", "grpc.method": "SoftDelete", "peer.address": "127.0.0.1:54252", "grpc.code": "OK", "grpc.time_ms": 6.153}
2024-04-23T19:17:01.821+0500	INFO	zap/options.go:212	finished unary call with code OK	{"grpc.start_time": "2024-04-23T19:17:01+05:00", "system": "grpc", "span.kind": "server", "grpc.service": "user.UserService", "grpc.method": "GetAllUsers", "peer.address": "127.0.0.1:54258", "grpc.code": "OK", "grpc.time_ms": 1.693}
2024-04-23T19:18:59.366+0500	INFO	app/main.go:36	User service stops !
2024-04-23T19:19:03.791+0500	INFO	app/app.go:101	gRPC Server Listening	{"url": ":50025"}
2024-04-23T19:19:10.575+0500	INFO	zap/options.go:212	finished unary call with code OK	{"grpc.start_time": "2024-04-23T19:19:10+05:00", "system": "grpc", "span.kind": "server", "grpc.service": "user.UserService", "grpc.method": "SoftDelete", "peer.address": "127.0.0.1:60282", "grpc.code": "OK", "grpc.time_ms": 3.47}
2024-04-23T19:19:13.587+0500	INFO	zap/options.go:212	finished unary call with code OK	{"grpc.start_time": "2024-04-23T19:19:13+05:00", "system": "grpc", "span.kind": "server", "grpc.service": "user.UserService", "grpc.method": "GetAllUsers", "peer.address": "127.0.0.1:60298", "grpc.code": "OK", "grpc.time_ms": 1.093}
2024-04-23T19:20:02.510+0500	INFO	app/main.go:36	User service stops !
2024-04-23T19:20:06.918+0500	INFO	app/app.go:101	gRPC Server Listening	{"url": ":50025"}
2024-04-23T19:20:12.432+0500	ERROR	zap/options.go:212	finished unary call with code Unknown	{"grpc.start_time": "2024-04-23T19:20:12+05:00", "system": "grpc", "span.kind": "server", "grpc.service": "user.UserService", "grpc.method": "HardDelete", "peer.address": "127.0.0.1:40856", "error": "no rows affected while hard deleting user", "grpc.code": "Unknown", "grpc.time_ms": 9.34}
github.com/grpc-ecosystem/go-grpc-middleware/logging/zap.DefaultMessageProducer
	/home/awez/projects/nt/go/pkg/mod/github.com/grpc-ecosystem/go-grpc-middleware@v1.4.0/logging/zap/options.go:212
github.com/grpc-ecosystem/go-grpc-middleware/logging/zap.UnaryServerInterceptor.func1
	/home/awez/projects/nt/go/pkg/mod/github.com/grpc-ecosystem/go-grpc-middleware@v1.4.0/logging/zap/server_interceptors.go:39
Booking/user-service-booking/internal/app.NewApp.ChainUnaryServer.func5.1
	/home/awez/projects/nt/go/pkg/mod/github.com/grpc-ecosystem/go-grpc-middleware@v1.4.0/chain.go:48
github.com/grpc-ecosystem/go-grpc-middleware/tags.UnaryServerInterceptor.func1
	/home/awez/projects/nt/go/pkg/mod/github.com/grpc-ecosystem/go-grpc-middleware@v1.4.0/tags/interceptors.go:23
Booking/user-service-booking/internal/app.NewApp.ChainUnaryServer.func5
	/home/awez/projects/nt/go/pkg/mod/github.com/grpc-ecosystem/go-grpc-middleware@v1.4.0/chain.go:53
Booking/user-service-booking/internal/app.NewApp.UnaryInterceptor.func7.1.1
	/home/awez/projects/nt/go/src/Booking/user-service-booking/internal/delivery/grpc/server/middleware.go:16
Booking/user-service-booking/internal/app.NewApp.UnaryInterceptor.func7
	/home/awez/projects/nt/go/src/Booking/user-service-booking/internal/delivery/grpc/server/middleware.go:23
Booking/user-service-booking/genproto/user-proto._UserService_HardDelete_Handler
	/home/awez/projects/nt/go/src/Booking/user-service-booking/genproto/user-proto/user.pb.go:781
google.golang.org/grpc.(*Server).processUnaryRPC
	/home/awez/projects/nt/go/pkg/mod/google.golang.org/grpc@v1.63.2/server.go:1369
google.golang.org/grpc.(*Server).handleStream
	/home/awez/projects/nt/go/pkg/mod/google.golang.org/grpc@v1.63.2/server.go:1780
google.golang.org/grpc.(*Server).serveStreams.func2.1
	/home/awez/projects/nt/go/pkg/mod/google.golang.org/grpc@v1.63.2/server.go:1019
2024-04-23T19:20:29.224+0500	INFO	zap/options.go:212	finished unary call with code OK	{"grpc.start_time": "2024-04-23T19:20:29+05:00", "system": "grpc", "span.kind": "server", "grpc.service": "user.UserService", "grpc.method": "HardDelete", "peer.address": "127.0.0.1:59204", "grpc.code": "OK", "grpc.time_ms": 15.505}
2024-04-23T19:20:32.147+0500	INFO	zap/options.go:212	finished unary call with code OK	{"grpc.start_time": "2024-04-23T19:20:32+05:00", "system": "grpc", "span.kind": "server", "grpc.service": "user.UserService", "grpc.method": "GetAllUsers", "peer.address": "127.0.0.1:59210", "grpc.code": "OK", "grpc.time_ms": 0.948}
2024-04-23T19:20:40.382+0500	INFO	zap/options.go:212	finished unary call with code OK	{"grpc.start_time": "2024-04-23T19:20:40+05:00", "system": "grpc", "span.kind": "server", "grpc.service": "user.UserService", "grpc.method": "HardDelete", "peer.address": "127.0.0.1:44108", "grpc.code": "OK", "grpc.time_ms": 5.819}
2024-04-23T19:20:43.794+0500	INFO	zap/options.go:212	finished unary call with code OK	{"grpc.start_time": "2024-04-23T19:20:43+05:00", "system": "grpc", "span.kind": "server", "grpc.service": "user.UserService", "grpc.method": "GetAllUsers", "peer.address": "127.0.0.1:44114", "grpc.code": "OK", "grpc.time_ms": 0.654}
2024-04-23T19:20:48.421+0500	INFO	zap/options.go:212	finished unary call with code OK	{"grpc.start_time": "2024-04-23T19:20:48+05:00", "system": "grpc", "span.kind": "server", "grpc.service": "user.UserService", "grpc.method": "ListUsers", "peer.address": "127.0.0.1:57568", "grpc.code": "OK", "grpc.time_ms": 1.41}
2024-04-23T19:22:03.696+0500	INFO	zap/options.go:212	finished unary call with code OK	{"grpc.start_time": "2024-04-23T19:22:03+05:00", "system": "grpc", "span.kind": "server", "grpc.service": "user.UserService", "grpc.method": "ListUsers", "peer.address": "127.0.0.1:39848", "grpc.code": "OK", "grpc.time_ms": 0.422}
2024-04-23T19:23:01.213+0500	INFO	app/main.go:36	User service stops !
